<?xml version="1.0" encoding="UTF-8"?>
<!-- Generated by org.testng.reporters.JUnitReportReporter -->
<testsuite skipped="0" hostname="suryas-assist" name="TestCases.Test1" tests="1" failures="0" timestamp="27 Sep 2020 08:43:37 GMT" time="20.112" errors="0">
  <testcase name="Tes" time="20.112" classname="TestCases.Test1"/>
</testsuite> <!-- TestCases.Test1 -->
