<?xml version="1.0" encoding="UTF-8"?>
<!-- Generated by org.testng.reporters.JUnitReportReporter -->
<testsuite skipped="0" hostname="suryas-assist" name="TestCases.Test1" tests="1" failures="0" timestamp="11 Oct 2020 16:10:27 GMT" time="45.565" errors="0">
  <testcase name="Tes" time="45.565" classname="TestCases.Test1"/>
</testsuite> <!-- TestCases.Test1 -->
